<?xml version="1.0" encoding="UTF-8"?>
<testsuite xmlns:xsi="http://www.w3.org/2001/XMLSchema-instance" xsi:noNamespaceSchemaLocation="https://maven.apache.org/surefire/maven-surefire-plugin/xsd/surefire-test-report-3.0.xsd" version="3.0" name="br.com.fast.workshoptracker.WorkshopTrackerApplicationTests" time="15.377" tests="1" errors="0" skipped="0" failures="0">
  <properties>
[...]
</properties>
  <testcase name="contextLoads" classname="br.com.fast.workshoptracker.WorkshopTrackerApplicationTests" time="0.014">
    <system-out><![CDATA[12:50:14.962 [main] INFO org.springframework.test.context.support.AnnotationConfigContextLoaderUtils -- Could not detect default configuration classes for test class [br.com.fast.workshoptracker.WorkshopTrackerApplicationTests]: WorkshopTrackerApplicationTests does not declare any static, non-private, non-final, nested classes annotated with @Configuration.
12:50:15.209 [main] INFO org.springframework.boot.test.context.SpringBootTestContextBootstrapper -- Found @SpringBootConfiguration br.com.fast.workshoptracker.WorkshopTrackerApplication for test class br.com.fast.workshoptracker.WorkshopTrackerApplicationTests

  .   ____          _            __ _ _
 /\\ / ___'_ __ _ _(_)_ __  __ _ \ \ \ \
( ( )\___ | '_ | '_| | '_ \/ _` | \ \ \ \
 \\/  ___)| |_)| | | | | || (_| |  ) ) ) )
  '  |____| .__|_| |_|_| |_\__, | / / / /
 =========|_|==============|___/=/_/_/_/
 :: Spring Boot ::               (v3.2.12)

2026-01-21T12:50:16.171-03:00  INFO 7912 --- [workshop-tracker] [           main] b.c.f.w.WorkshopTrackerApplicationTests  : Starting WorkshopTrackerApplicationTests using Java 21.0.9 with PID 7912 (started by edval in C:\Users\edval\Downloads\fast-workshop-tracker)
2026-01-21T12:50:16.174-03:00  INFO 7912 --- [workshop-tracker] [           main] b.c.f.w.WorkshopTrackerApplicationTests  : The following 1 profile is active: "test"
2026-01-21T12:50:18.750-03:00  INFO 7912 --- [workshop-tracker] [           main] .s.d.r.c.RepositoryConfigurationDelegate : Bootstrapping Spring Data JPA repositories in DEFAULT mode.
2026-01-21T12:50:18.959-03:00  INFO 7912 --- [workshop-tracker] [           main] .s.d.r.c.RepositoryConfigurationDelegate : Finished Spring Data repository scanning in 195 ms. Found 4 JPA repository interfaces.
2026-01-21T12:50:20.426-03:00  INFO 7912 --- [workshop-tracker] [           main] com.zaxxer.hikari.HikariDataSource       : HikariPool-1 - Starting...
2026-01-21T12:50:21.054-03:00  INFO 7912 --- [workshop-tracker] [           main] com.zaxxer.hikari.pool.HikariPool        : HikariPool-1 - Added connection conn0: url=jdbc:h2:mem:workshop_tracker user=SA
2026-01-21T12:50:21.063-03:00  INFO 7912 --- [workshop-tracker] [           main] com.zaxxer.hikari.HikariDataSource       : HikariPool-1 - Start completed.
2026-01-21T12:50:21.357-03:00  INFO 7912 --- [workshop-tracker] [           main] o.f.c.internal.license.VersionPrinter    : Flyway Community Edition 9.22.3 by Redgate
2026-01-21T12:50:21.357-03:00  INFO 7912 --- [workshop-tracker] [           main] o.f.c.internal.license.VersionPrinter    : See release notes here: https://rd.gt/416ObMi
2026-01-21T12:50:21.358-03:00  INFO 7912 --- [workshop-tracker] [           main] o.f.c.internal.license.VersionPrinter    : 
2026-01-21T12:50:21.509-03:00  INFO 7912 --- [workshop-tracker] [           main] org.flywaydb.core.FlywayExecutor         : Database: jdbc:h2:mem:workshop_tracker (H2 2.2)
2026-01-21T12:50:21.519-03:00  WARN 7912 --- [workshop-tracker] [           main] o.f.c.internal.database.base.Database    : Flyway upgrade recommended: H2 2.2.224 is newer than this version of Flyway and support has not been tested. The latest supported version of H2 is 2.2.220.
2026-01-21T12:50:21.577-03:00  INFO 7912 --- [workshop-tracker] [           main] o.f.c.i.s.JdbcTableSchemaHistory         : Schema history table "public"."flyway_schema_history" does not exist yet
2026-01-21T12:50:21.584-03:00  INFO 7912 --- [workshop-tracker] [           main] o.f.core.internal.command.DbValidate     : Successfully validated 2 migrations (execution time 00:00.032s)
2026-01-21T12:50:21.591-03:00  INFO 7912 --- [workshop-tracker] [           main] o.f.c.i.s.JdbcTableSchemaHistory         : Creating Schema History table "public"."flyway_schema_history" ...
2026-01-21T12:50:21.633-03:00  INFO 7912 --- [workshop-tracker] [           main] o.f.core.internal.command.DbMigrate      : Current version of schema "public": << Empty Schema >>
2026-01-21T12:50:21.646-03:00  INFO 7912 --- [workshop-tracker] [           main] o.f.core.internal.command.DbMigrate      : Migrating schema "public" to version "1 - init"
2026-01-21T12:50:21.701-03:00  INFO 7912 --- [workshop-tracker] [           main] o.f.core.internal.command.DbMigrate      : Migrating schema "public" to version "2 - usuarios"
2026-01-21T12:50:21.719-03:00  INFO 7912 --- [workshop-tracker] [           main] o.f.core.internal.command.DbMigrate      : Successfully applied 2 migrations to schema "public", now at version v2 (execution time 00:00.043s)
2026-01-21T12:50:22.108-03:00  INFO 7912 --- [workshop-tracker] [           main] o.hibernate.jpa.internal.util.LogHelper  : HHH000204: Processing PersistenceUnitInfo [name: default]
2026-01-21T12:50:22.491-03:00  INFO 7912 --- [workshop-tracker] [           main] org.hibernate.Version                    : HHH000412: Hibernate ORM core version 6.4.10.Final
2026-01-21T12:50:22.601-03:00  INFO 7912 --- [workshop-tracker] [           main] o.h.c.internal.RegionFactoryInitiator    : HHH000026: Second-level cache disabled
2026-01-21T12:50:22.869-03:00  INFO 7912 --- [workshop-tracker] [           main] o.s.o.j.p.SpringPersistenceUnitInfo      : No LoadTimeWeaver setup: ignoring JPA class transformer
2026-01-21T12:50:24.442-03:00  INFO 7912 --- [workshop-tracker] [           main] o.h.e.t.j.p.i.JtaPlatformInitiator       : HHH000489: No JTA platform available (set 'hibernate.transaction.jta.platform' to enable JTA platform integration)
2026-01-21T12:50:24.473-03:00  INFO 7912 --- [workshop-tracker] [           main] j.LocalContainerEntityManagerFactoryBean : Initialized JPA EntityManagerFactory for persistence unit 'default'
2026-01-21T12:50:25.027-03:00  INFO 7912 --- [workshop-tracker] [           main] o.s.d.j.r.query.QueryEnhancerFactory     : Hibernate is in classpath; If applicable, HQL parser will be used.
2026-01-21T12:50:28.604-03:00  INFO 7912 --- [workshop-tracker] [           main] o.s.s.web.DefaultSecurityFilterChain     : Will secure any request with [org.springframework.security.web.session.DisableEncodeUrlFilter@270cf3eb, org.springframework.security.web.context.request.async.WebAsyncManagerIntegrationFilter@15cf25ce, org.springframework.security.web.context.SecurityContextHolderFilter@1a738139, org.springframework.security.web.header.HeaderWriterFilter@23e080a9, org.springframework.web.filter.CorsFilter@1e7a20d5, org.springframework.security.web.authentication.logout.LogoutFilter@17143892, org.springframework.security.oauth2.server.resource.web.authentication.BearerTokenAuthenticationFilter@3c36f10b, org.springframework.security.web.savedrequest.RequestCacheAwareFilter@38a6002f, org.springframework.security.web.servletapi.SecurityContextHolderAwareRequestFilter@7ce069de, org.springframework.security.web.authentication.AnonymousAuthenticationFilter@1db203d2, org.springframework.security.web.session.SessionManagementFilter@68e3c94, org.springframework.security.web.access.ExceptionTranslationFilter@202b765f, org.springframework.security.web.access.intercept.AuthorizationFilter@5dfb0e1e]
2026-01-21T12:50:29.712-03:00  INFO 7912 --- [workshop-tracker] [           main] b.c.f.w.WorkshopTrackerApplicationTests  : Started WorkshopTrackerApplicationTests in 14.205 seconds (process running for 19.208)
]]></system-out>
  </testcase>
</testsuite>